<?xml version="1.0" encoding="UTF-8"?>
<testsuite name="uk.tw.energy.domain.PricePlanTest" tests="4" skipped="0" failures="0" errors="0" timestamp="2025-01-27T14:24:33" hostname="DESKTOP-11NC4R5" time="0.056">
  <properties/>
  <testcase name="shouldReceiveMultipleExceptionalDateTimes()" classname="uk.tw.energy.domain.PricePlanTest" time="0.016"/>
  <testcase name="shouldReturnAnExceptionPriceGivenExceptionalDateTime()" classname="uk.tw.energy.domain.PricePlanTest" time="0.002"/>
  <testcase name="shouldReturnTheBasePriceGivenAnOrdinaryDateTime()" classname="uk.tw.energy.domain.PricePlanTest" time="0.001"/>
  <testcase name="shouldReturnTheEnergySupplierGivenInTheConstructor()" classname="uk.tw.energy.domain.PricePlanTest" time="0.032"/>
  <system-out><![CDATA[]]></system-out>
  <system-err><![CDATA[]]></system-err>
</testsuite>
