<?xml version="1.0" encoding="UTF-8"?>
<testsuite name="uk.tw.energy.service.PricePlanServiceTest" tests="1" skipped="0" failures="0" errors="0" timestamp="2025-01-27T14:24:38" hostname="DESKTOP-11NC4R5" time="0.114">
  <properties/>
  <testcase name="givenSmartMeterIdThatExistsShouldReturnMeterReadings()" classname="uk.tw.energy.service.PricePlanServiceTest" time="0.114"/>
  <system-out><![CDATA[]]></system-out>
  <system-err><![CDATA[]]></system-err>
</testsuite>
